br-db5a5813c4d1: Success
br-1536d0be14ae: Invalid argument
docker0: Invalid argument
/sys/firmware/dmi/tables/smbios_entry_point: Permission denied
/dev/mem: Permission denied
/sys/firmware/dmi/tables/smbios_entry_point: Permission denied
/dev/mem: Permission denied
br-db5a5813c4d1: No such file or directory
br-1536d0be14ae: No such file or directory
docker0: No such file or directory
             
         @@@                     @@@                             
            @@                 @@                              
              @               @                                 
          +#######################+                            
         ##                       ##                                                  
         ##  ctpbee:    1.1.2     ##                          
         ##                       ##                          
         ##  engine:    thread    ##                          
         ##                       ##                          
          ++++++++    +    ++++++++                      
       (|||||||||| + +++ + ||||||||||)                          
          +++++++ +++++++++ +++++++                            
                   +++++++
                      T                                        
        
             
         @@@                     @@@                             
            @@                 @@                              
              @               @                                 
          +#######################+                            
         ##                       ##                                                  
         ##  ctpbee:    1.1.2     ##                          
         ##                       ##                          
         ##  engine:    thread    ##                          
         ##                       ##                          
          ++++++++    +    ++++++++                      
       (|||||||||| + +++ + ||||||||||)                          
          +++++++ +++++++++ +++++++                            
                   +++++++
                      T                                        
        
start engine
[31m2020-07-15 22:27:22.511[0m NEW     [35mINFO[0m  [36mNEW[0m   [32mè¡Œæƒ…æœåŠ¡å™¨è¿æ¥æˆåŠŸ[0m
[31m2020-07-15 22:27:22.526[0m NEW     [35mINFO[0m  [36mNEW[0m   [32mäº¤æ˜“è¿æ¥æˆåŠŸ[0m
[31m2020-07-15 22:27:22.534[0m NEW     [35mINFO[0m  [36mNEW[0m   [32mè¡Œæƒ…æœåŠ¡å™¨ç™»å½•æˆåŠŸ[0m
[31m2020-07-15 22:27:22.583[0m NEW     [35mINFO[0m  [36mNEW[0m   [32mäº¤æ˜“æœåŠ¡å™¨éªŒè¯æˆåŠŸ[0m
[31m2020-07-15 22:27:22.639[0m NEW     [35mINFO[0m  [36mNEW[0m   [32mäº¤æ˜“ç™»å½•æˆåŠŸ[0m
[31m2020-07-15 22:27:22.668[0m NEW     [35mINFO[0m  [36mNEW[0m   [32mç»“ç®—ä¿¡æ¯ç¡®è®¤æˆåŠŸ[0m
[31m2020-07-15 22:27:22.823[0m NEW     [35mINFO[0m  [36mNEW[0m   [32måˆçº¦ä¿¡æ¯æŸ¥è¯¢æˆåŠŸ[0m
br-db5a5813c4d1: Success
br-1536d0be14ae: Invalid argument
docker0: Invalid argument
/sys/firmware/dmi/tables/smbios_entry_point: Permission denied
/dev/mem: Permission denied
/sys/firmware/dmi/tables/smbios_entry_point: Permission denied
/dev/mem: Permission denied
br-db5a5813c4d1: No such file or directory
br-1536d0be14ae: No such file or directory
docker0: No such file or directory
             
         @@@                     @@@                             
            @@                 @@                              
              @               @                                 
          +#######################+                            
         ##                       ##                                                  
         ##  ctpbee:    1.1.2     ##                          
         ##                       ##                          
         ##  engine:    thread    ##                          
         ##                       ##                          
          ++++++++    +    ++++++++                      
       (|||||||||| + +++ + ||||||||||)                          
          +++++++ +++++++++ +++++++                            
                   +++++++
                      T                                        
        
                                                            
               @             @                           
                )           (                                 
            #####################                               
          ##                     ##                            
         ##                       ##                                                  
        ##   ctpbee   :1.1.2       ##                          
        ##                         ##                          
        ##   engine   :thread      ##                          
         ##                       ##                          
          ++++++++    +    ++++++++                      
       (|||||||||| + +++ + ||||||||||)                          
          +++++++ +++++++++ +++++++                            
                   +++++++
                      T                                        
        
start engine
[31m2020-07-15 22:37:38.533[0m NEW     [35mINFO[0m  [36mNEW[0m   [32mè¡Œæƒ…æœåŠ¡å™¨è¿æ¥æˆåŠŸ[0m
[31m2020-07-15 22:37:38.550[0m NEW     [35mINFO[0m  [36mNEW[0m   [32mäº¤æ˜“è¿æ¥æˆåŠŸ[0m
[31m2020-07-15 22:37:38.604[0m NEW     [35mINFO[0m  [36mNEW[0m   [32mè¡Œæƒ…æœåŠ¡å™¨ç™»å½•æˆåŠŸ[0m
[31m2020-07-15 22:37:38.607[0m NEW     [35mINFO[0m  [36mNEW[0m   [32mäº¤æ˜“æœåŠ¡å™¨éªŒè¯æˆåŠŸ[0m
[31m2020-07-15 22:37:38.645[0m NEW     [35mINFO[0m  [36mNEW[0m   [32mäº¤æ˜“ç™»å½•æˆåŠŸ[0m
[31m2020-07-15 22:37:38.702[0m NEW     [35mINFO[0m  [36mNEW[0m   [32mç»“ç®—ä¿¡æ¯ç¡®è®¤æˆåŠŸ[0m
[31m2020-07-15 22:37:38.911[0m NEW     [35mINFO[0m  [36mNEW[0m   [32måˆçº¦ä¿¡æ¯æŸ¥è¯¢æˆåŠŸ[0m
br-db5a5813c4d1: Success
br-1536d0be14ae: Success
docker0: Success
